<?xml version="1.0" encoding="UTF-8"?>
<!-- Generated by org.testng.reporters.JUnitXMLReporter -->
<testsuite hostname="BDC4-L-6BW0NF2" ignored="3" name="Test" tests="1" failures="0" timestamp="2020-05-11T18:22:13 IST" time="295.947" errors="0">
  <testcase name="sc004AddProductToCart" time="295.883" classname="appTests.shopCluetest"/>
  <testcase name="sc001installApp" time="0.0" classname="appTests.shopCluetest">
    <ignored/>
  </testcase> <!-- sc001installApp -->
  <testcase name="DummyTest1" time="0.0" classname="appTests.shopCluetest">
    <ignored/>
  </testcase> <!-- DummyTest1 -->
  <testcase name="DummyTest2" time="0.0" classname="appTests.shopCluetest">
    <ignored/>
  </testcase> <!-- DummyTest2 -->
</testsuite> <!-- Test -->
