<?xml version="1.0" encoding="UTF-8"?>
<testng-results skipped="0" failed="0" ignored="3" total="4" passed="1">
  <reporter-output>
  </reporter-output>
  <suite name="Suite" duration-ms="295947" started-at="2020-05-11T18:17:18 IST" finished-at="2020-05-11T18:22:13 IST">
    <groups>
    </groups>
    <test name="Test" duration-ms="295947" started-at="2020-05-11T18:17:18 IST" finished-at="2020-05-11T18:22:13 IST">
      <class name="appTests.shopCluetest">
        <test-method status="PASS" signature="sc004AddProductToCart()[pri:0, instance:appTests.shopCluetest@5c18298f]" name="sc004AddProductToCart" duration-ms="295883" started-at="2020-05-11T18:17:18 IST" finished-at="2020-05-11T18:22:13 IST">
          <reporter-output>
          </reporter-output>
        </test-method> <!-- sc004AddProductToCart -->
      </class> <!-- appTests.shopCluetest -->
    </test> <!-- Test -->
  </suite> <!-- Suite -->
</testng-results>
